PyTorch version: 2.9.0+cu126
CUDA available: True
CUDA version: 12.6
GPU device: Tesla T4
------------


tensor([1., 4., 9.])
tensor([1., 4., 9.])
tensor([1., 4., 9.])
=============
Profiling torch.square
=============
-------------------------------------------------------  ------------  ------------  ------------  ------------  ------------  ------------  ------------  ------------  ------------  ------------  
                                                   Name    Self CPU %      Self CPU   CPU total %     CPU total  CPU time avg     Self CUDA   Self CUDA %    CUDA total  CUDA time avg    # of Calls  
-------------------------------------------------------  ------------  ------------  ------------  ------------  ------------  ------------  ------------  ------------  ------------  ------------  
                                           aten::square         0.22%      20.651us        67.25%       6.422ms       6.422ms       0.000us         0.00%       6.662ms       6.662ms             1  
                                              aten::pow        39.56%       3.778ms        67.03%       6.401ms       6.401ms       3.331ms       100.00%       6.662ms       6.662ms             1  
                                           Unrecognized        26.72%       2.552ms        26.72%       2.552ms       2.552ms       3.331ms       100.00%       3.331ms       3.331ms             1  
void at::native::vectorized_elementwise_kernel<4, at...         0.00%       0.000us         0.00%       0.000us       0.000us       3.331ms       100.00%       3.331ms       3.331ms             1  
                                      aten::result_type         0.08%       7.788us         0.08%       7.788us       7.788us       0.000us         0.00%       0.000us       0.000us             1  
                                               aten::to         0.07%       6.257us         0.07%       6.257us       6.257us       0.000us         0.00%       0.000us       0.000us             1  
                                       cudaLaunchKernel         0.60%      57.306us         0.60%      57.306us      57.306us       0.000us         0.00%       0.000us       0.000us             1  
                                  cudaDeviceSynchronize        32.75%       3.127ms        32.75%       3.127ms       3.127ms       0.000us         0.00%       0.000us       0.000us             1  
-------------------------------------------------------  ------------  ------------  ------------  ------------  ------------  ------------  ------------  ------------  ------------  ------------  
Self CPU time total: 9.549ms
Self CUDA time total: 3.331ms

=============
Profiling a * a
=============
-------------------------------------------------------  ------------  ------------  ------------  ------------  ------------  ------------  ------------  ------------  ------------  ------------  
                                                   Name    Self CPU %      Self CPU   CPU total %     CPU total  CPU time avg     Self CUDA   Self CUDA %    CUDA total  CUDA time avg    # of Calls  
-------------------------------------------------------  ------------  ------------  ------------  ------------  ------------  ------------  ------------  ------------  ------------  ------------  
                                              aten::mul         1.62%      98.033us        46.16%       2.793ms       2.793ms       3.333ms       100.00%       6.666ms       6.666ms             1  
                                           Unrecognized        43.90%       2.656ms        43.90%       2.656ms       2.656ms       3.333ms       100.00%       3.333ms       3.333ms             1  
void at::native::vectorized_elementwise_kernel<4, at...         0.00%       0.000us         0.00%       0.000us       0.000us       3.333ms       100.00%       3.333ms       3.333ms             1  
                                       cudaLaunchKernel         0.64%      38.522us         0.64%      38.522us      38.522us       0.000us         0.00%       0.000us       0.000us             1  
                                  cudaDeviceSynchronize        53.84%       3.258ms        53.84%       3.258ms       3.258ms       0.000us         0.00%       0.000us       0.000us             1  
-------------------------------------------------------  ------------  ------------  ------------  ------------  ------------  ------------  ------------  ------------  ------------  ------------  
Self CPU time total: 6.051ms
Self CUDA time total: 3.333ms

=============
Profiling a ** 2
=============
-------------------------------------------------------  ------------  ------------  ------------  ------------  ------------  ------------  ------------  ------------  ------------  ------------  
                                                   Name    Self CPU %      Self CPU   CPU total %     CPU total  CPU time avg     Self CUDA   Self CUDA %    CUDA total  CUDA time avg    # of Calls  
-------------------------------------------------------  ------------  ------------  ------------  ------------  ------------  ------------  ------------  ------------  ------------  ------------  
                                              aten::pow         1.61%     101.702us        48.42%       3.057ms       3.057ms       3.339ms       100.00%       6.678ms       6.678ms             1  
                                           Unrecognized        46.11%       2.912ms        46.11%       2.912ms       2.912ms       3.339ms       100.00%       3.339ms       3.339ms             1  
void at::native::vectorized_elementwise_kernel<4, at...         0.00%       0.000us         0.00%       0.000us       0.000us       3.339ms       100.00%       3.339ms       3.339ms             1  
                                      aten::result_type         0.05%       3.151us         0.05%       3.151us       3.151us       0.000us         0.00%       0.000us       0.000us             1  
                                               aten::to         0.02%       1.315us         0.02%       1.315us       1.315us       0.000us         0.00%       0.000us       0.000us             1  
                                       cudaLaunchKernel         0.62%      39.325us         0.62%      39.325us      39.325us       0.000us         0.00%       0.000us       0.000us             1  
                                  cudaDeviceSynchronize        51.58%       3.257ms        51.58%       3.257ms       3.257ms       0.000us         0.00%       0.000us       0.000us             1  
-------------------------------------------------------  ------------  ------------  ------------  ------------  ------------  ------------  ------------  ------------  ------------  ------------  
Self CPU time total: 6.314ms
Self CUDA time total: 3.339ms